{"/Users/karen/repos/karen/portfolio-2022/src/setupJest.js": {"path":"/Users/karen/repos/karen/portfolio-2022/src/setupJest.js","statementMap":{"0":{"start":{"line":4,"column":0},"end":{"line":4,"column":41}}},"fnMap":{},"branchMap":{},"s":{"0":0},"f":{},"b":{}}
,"/Users/karen/repos/karen/portfolio-2022/src/components/Footer.js": {"path":"/Users/karen/repos/karen/portfolio-2022/src/components/Footer.js","statementMap":{"0":{"start":{"line":2,"column":4},"end":{"line":8,"column":5}}},"fnMap":{"0":{"name":"Footer","decl":{"start":{"line":1,"column":16},"end":{"line":1,"column":22}},"loc":{"start":{"line":1,"column":25},"end":{"line":9,"column":3}},"line":1}},"branchMap":{},"s":{"0":1},"f":{"0":1},"b":{},"_coverageSchema":"1a1c01bbd47fc00a2c39e90264f33305004495a9","hash":"0192896a1a6a832dc3aa6baa1da63b13be33ede3"}
,"/Users/karen/repos/karen/portfolio-2022/src/components/Header.js": {"path":"/Users/karen/repos/karen/portfolio-2022/src/components/Header.js","statementMap":{"0":{"start":{"line":2,"column":4},"end":{"line":125,"column":5}}},"fnMap":{"0":{"name":"Header","decl":{"start":{"line":1,"column":16},"end":{"line":1,"column":22}},"loc":{"start":{"line":1,"column":25},"end":{"line":126,"column":3}},"line":1}},"branchMap":{},"s":{"0":1},"f":{"0":1},"b":{},"_coverageSchema":"1a1c01bbd47fc00a2c39e90264f33305004495a9","hash":"83e03e8c8a787ee9c8161a71a589fbb2666429cc"}
,"/Users/karen/repos/karen/portfolio-2022/src/hooks/useBreedList.js": {"path":"/Users/karen/repos/karen/portfolio-2022/src/hooks/useBreedList.js","statementMap":{"0":{"start":{"line":3,"column":19},"end":{"line":3,"column":21}},"1":{"start":{"line":6,"column":40},"end":{"line":6,"column":52}},"2":{"start":{"line":7,"column":34},"end":{"line":7,"column":54}},"3":{"start":{"line":9,"column":4},"end":{"line":30,"column":17}},"4":{"start":{"line":10,"column":8},"end":{"line":16,"column":9}},"5":{"start":{"line":11,"column":12},"end":{"line":11,"column":29}},"6":{"start":{"line":12,"column":15},"end":{"line":16,"column":9}},"7":{"start":{"line":13,"column":12},"end":{"line":13,"column":45}},"8":{"start":{"line":15,"column":12},"end":{"line":15,"column":31}},"9":{"start":{"line":19,"column":12},"end":{"line":19,"column":29}},"10":{"start":{"line":20,"column":12},"end":{"line":20,"column":33}},"11":{"start":{"line":22,"column":24},"end":{"line":23,"column":13}},"12":{"start":{"line":24,"column":25},"end":{"line":24,"column":41}},"13":{"start":{"line":25,"column":12},"end":{"line":25,"column":51}},"14":{"start":{"line":27,"column":12},"end":{"line":27,"column":44}},"15":{"start":{"line":28,"column":12},"end":{"line":28,"column":31}},"16":{"start":{"line":32,"column":4},"end":{"line":32,"column":30}}},"fnMap":{"0":{"name":"useBreedList","decl":{"start":{"line":5,"column":24},"end":{"line":5,"column":36}},"loc":{"start":{"line":5,"column":45},"end":{"line":33,"column":1}},"line":5},"1":{"name":"(anonymous_1)","decl":{"start":{"line":9,"column":14},"end":{"line":9,"column":15}},"loc":{"start":{"line":9,"column":20},"end":{"line":30,"column":5}},"line":9},"2":{"name":"requestBreedList","decl":{"start":{"line":18,"column":23},"end":{"line":18,"column":39}},"loc":{"start":{"line":18,"column":42},"end":{"line":29,"column":9}},"line":18}},"branchMap":{"0":{"loc":{"start":{"line":10,"column":8},"end":{"line":16,"column":9}},"type":"if","locations":[{"start":{"line":10,"column":8},"end":{"line":16,"column":9}},{"start":{"line":12,"column":15},"end":{"line":16,"column":9}}],"line":10},"1":{"loc":{"start":{"line":12,"column":15},"end":{"line":16,"column":9}},"type":"if","locations":[{"start":{"line":12,"column":15},"end":{"line":16,"column":9}},{"start":{"line":14,"column":15},"end":{"line":16,"column":9}}],"line":12},"2":{"loc":{"start":{"line":25,"column":33},"end":{"line":25,"column":50}},"type":"binary-expr","locations":[{"start":{"line":25,"column":33},"end":{"line":25,"column":44}},{"start":{"line":25,"column":48},"end":{"line":25,"column":50}}],"line":25}},"s":{"0":1,"1":4,"2":4,"3":4,"4":2,"5":2,"6":0,"7":0,"8":0,"9":0,"10":0,"11":0,"12":0,"13":0,"14":0,"15":0,"16":4},"f":{"0":4,"1":2,"2":0},"b":{"0":[2,0],"1":[0,0],"2":[0,0]},"_coverageSchema":"1a1c01bbd47fc00a2c39e90264f33305004495a9","hash":"bae8fe8a9319fe55d3cff8140467f9d14d7780af"}
}
