TN:
SF:src/setupJest.js
FNF:0
FNH:0
DA:4,0
LF:1
LH:0
BRF:0
BRH:0
end_of_record
TN:
SF:src/components/Footer.js
FN:1,Footer
FNF:1
FNH:1
FNDA:1,Footer
DA:2,1
LF:1
LH:1
BRF:0
BRH:0
end_of_record
TN:
SF:src/components/Header.js
FN:1,Header
FNF:1
FNH:1
FNDA:1,Header
DA:2,1
LF:1
LH:1
BRF:0
BRH:0
end_of_record
TN:
SF:src/hooks/useBreedList.js
FN:5,useBreedList
FN:9,(anonymous_1)
FN:18,requestBreedList
FNF:3
FNH:2
FNDA:4,useBreedList
FNDA:2,(anonymous_1)
FNDA:0,requestBreedList
DA:3,1
DA:6,4
DA:7,4
DA:9,4
DA:10,2
DA:11,2
DA:12,0
DA:13,0
DA:15,0
DA:19,0
DA:20,0
DA:22,0
DA:24,0
DA:25,0
DA:27,0
DA:28,0
DA:32,4
LF:17
LH:7
BRDA:10,0,0,2
BRDA:10,0,1,0
BRDA:12,1,0,0
BRDA:12,1,1,0
BRDA:25,2,0,0
BRDA:25,2,1,0
BRF:6
BRH:1
end_of_record
